2025-11-05 14:35:43 [INFO_DETAILED/Tinkertool_log] >> Generating with config: Instance of dataclass 'CheckedParameterFileConfig':
  verbose              = 2 (<class 'int'>) | Increase verbosity level (0: WARNING, 1: INFO, 2: INFO_DETAILED, 3: DEBUG)
  log_dir              = PosixPath('/cluster/projects/nn9560k/herfugl/cases-coupled_ppe/run_scripts/output_files/logs') (pathlib.Path | str) | Path to the log directory where logs will be written. If not specified, logs will be printed in current work directory.
  log_mode             = 'w' (<class 'str'>) | Mode for opening the log file ('w' for write, 'a' for append)
  log_file             = PosixPath('/cluster/projects/nn9560k/herfugl/cases-coupled_ppe/run_scripts/output_files/logs/tinkertool_20251105-143538.log') (<class 'pathlib.Path'>) | Log file path (set automatically)
  param_ranges_inpath  = PosixPath('/cluster/projects/nn9560k/herfugl/cases-coupled_ppe/run_scripts/input_files/NorESM3_tuningparameterinfo_PPE.ini') (<class 'pathlib.Path'>) | Path to the parameter ranges file in .ini format
  param_sample_outpath = PosixPath('/cluster/projects/nn9560k/herfugl/cases-coupled_ppe/run_scripts/input_files/NorESM3_tuningparameterinfo_PPE_test.nc') (<class 'pathlib.Path'>) | Path to the output parameter file with .nc extension
  nmb_sim              = 50 (<class 'int'>) | Number of ensemble members.
  chem_mech_file       = None (pathlib.Path | None) | Path to the chemistry mechanism file
  ctsm_default_param_file = PosixPath('/cluster/shared/noresm/inputdata/lnd/clm2/paramdata/ctsm60_params.250923_v26j.nc') (pathlib.Path | None) | Path to the default CTSM parameter file in netCDF format
  fates_default_param_file = PosixPath('/cluster/shared/noresm/inputdata/lnd/clm2/paramdata/fates_params_api.40.0.0_14pft_c250923_noresm_v26i.nc') (pathlib.Path | None) | Path to the default FATES parameter file in netCDF format
  tinkertool_output_dir = PosixPath('/cluster/projects/nn9560k/herfugl/NorESMTinkerTool/tinkertool/output') (<class 'pathlib.Path'>) | Path to the output directory for files produced by TinkerTool
  optimization         = None (str | None) | Whether to enable optimization after sampling
  avoid_scramble       = False (<class 'bool'>) | Overwrite the default scramble of hypercube
  params               = ['micro_mg_dcs', 'zmconv_c0_ocn', 'zmconv_tiedke_add', 'clubb_C8', 'CE', 'EGC', 'EGIDFQ', 'd_max', 'frac_sat_soil_dsl_init', 'fates_leaf_stomatal_slope_medlyn', 'fates_mort_hf_sm_threshold', 'fates_turb_z0mr', 'phi_i_mushy'] (<class 'list'>) | List of parameters to be sampled
  exclude_default      = False (<class 'bool'>) | Whether to exclude the default parameter value in the output file
  param_ranges         = <configparser.ConfigParser object at 0x7ff04f67a790> (<class 'configparser.ConfigParser'>) | Parsed parameter ranges file
  nparams              = 13 (<class 'int'>) | Number of parameters to be sampled
  scramble             = True (<class 'bool'>) | Whether to scramble the samples
  nmb_sim_dim          = array([ 0,  1,  2,  3,  4,  5,  6,  7,  8,  9, 10, 11, 12, 13, 14, 15, 16,
       17, 18, 19, 20, 21, 22, 23, 24, 25, 26, 27, 28, 29, 30, 31, 32, 33,
       34, 35, 36, 37, 38, 39, 40, 41, 42, 43, 44, 45, 46, 47, 48, 49, 50]) (<class 'numpy.ndarray'>) | Array of ensemble member indices
  change_chem_mech     = False (<class 'bool'>) | Whether to change the chemistry mechanism file
  change_ctsm_params   = True (<class 'bool'>) | Whether to change CTSM parameters
  change_fates_params  = True (<class 'bool'>) | Whether to change FATES parameters
2025-11-05 14:35:44 [INFO_DETAILED/Tinkertool_log] /cluster/projects/nn9560k/herfugl/NorESMTinkerTool/tinkertool/output/paramfile/paramfile_file_sim0.nc generated with changes: {'d_max': np.float64(15.0), 'frac_sat_soil_dsl_init': np.float64(0.8)}
2025-11-05 14:35:45 [INFO_DETAILED/Tinkertool_log] /cluster/projects/nn9560k/herfugl/NorESMTinkerTool/tinkertool/output/paramfile/paramfile_file_sim1.nc generated with changes: {'d_max': np.float64(12.74), 'frac_sat_soil_dsl_init': np.float64(0.53)}
2025-11-05 14:35:45 [INFO_DETAILED/Tinkertool_log] /cluster/projects/nn9560k/herfugl/NorESMTinkerTool/tinkertool/output/paramfile/paramfile_file_sim2.nc generated with changes: {'d_max': np.float64(50.23), 'frac_sat_soil_dsl_init': np.float64(0.9)}
2025-11-05 14:35:46 [INFO_DETAILED/Tinkertool_log] /cluster/projects/nn9560k/herfugl/NorESMTinkerTool/tinkertool/output/paramfile/paramfile_file_sim3.nc generated with changes: {'d_max': np.float64(33.04), 'frac_sat_soil_dsl_init': np.float64(0.73)}
2025-11-05 14:35:47 [INFO_DETAILED/Tinkertool_log] /cluster/projects/nn9560k/herfugl/NorESMTinkerTool/tinkertool/output/paramfile/paramfile_file_sim4.nc generated with changes: {'d_max': np.float64(32.26), 'frac_sat_soil_dsl_init': np.float64(0.72)}
2025-11-05 14:35:47 [INFO_DETAILED/Tinkertool_log] /cluster/projects/nn9560k/herfugl/NorESMTinkerTool/tinkertool/output/paramfile/paramfile_file_sim5.nc generated with changes: {'d_max': np.float64(34.81), 'frac_sat_soil_dsl_init': np.float64(0.75)}
2025-11-05 14:35:48 [INFO_DETAILED/Tinkertool_log] /cluster/projects/nn9560k/herfugl/NorESMTinkerTool/tinkertool/output/paramfile/paramfile_file_sim6.nc generated with changes: {'d_max': np.float64(27.72), 'frac_sat_soil_dsl_init': np.float64(0.68)}
2025-11-05 14:35:49 [INFO_DETAILED/Tinkertool_log] /cluster/projects/nn9560k/herfugl/NorESMTinkerTool/tinkertool/output/paramfile/paramfile_file_sim7.nc generated with changes: {'d_max': np.float64(18.98), 'frac_sat_soil_dsl_init': np.float64(0.59)}
2025-11-05 14:35:49 [INFO_DETAILED/Tinkertool_log] /cluster/projects/nn9560k/herfugl/NorESMTinkerTool/tinkertool/output/paramfile/paramfile_file_sim8.nc generated with changes: {'d_max': np.float64(49.48), 'frac_sat_soil_dsl_init': np.float64(0.89)}
2025-11-05 14:35:50 [INFO_DETAILED/Tinkertool_log] /cluster/projects/nn9560k/herfugl/NorESMTinkerTool/tinkertool/output/paramfile/paramfile_file_sim9.nc generated with changes: {'d_max': np.float64(53.0), 'frac_sat_soil_dsl_init': np.float64(0.93)}
2025-11-05 14:35:51 [INFO_DETAILED/Tinkertool_log] /cluster/projects/nn9560k/herfugl/NorESMTinkerTool/tinkertool/output/paramfile/paramfile_file_sim10.nc generated with changes: {'d_max': np.float64(41.12), 'frac_sat_soil_dsl_init': np.float64(0.81)}
2025-11-05 14:35:51 [INFO_DETAILED/Tinkertool_log] /cluster/projects/nn9560k/herfugl/NorESMTinkerTool/tinkertool/output/paramfile/paramfile_file_sim11.nc generated with changes: {'d_max': np.float64(36.72), 'frac_sat_soil_dsl_init': np.float64(0.77)}
2025-11-05 14:35:52 [INFO_DETAILED/Tinkertool_log] /cluster/projects/nn9560k/herfugl/NorESMTinkerTool/tinkertool/output/paramfile/paramfile_file_sim12.nc generated with changes: {'d_max': np.float64(56.72), 'frac_sat_soil_dsl_init': np.float64(0.97)}
2025-11-05 14:35:53 [INFO_DETAILED/Tinkertool_log] /cluster/projects/nn9560k/herfugl/NorESMTinkerTool/tinkertool/output/paramfile/paramfile_file_sim13.nc generated with changes: {'d_max': np.float64(44.24), 'frac_sat_soil_dsl_init': np.float64(0.84)}
2025-11-05 14:35:53 [INFO_DETAILED/Tinkertool_log] /cluster/projects/nn9560k/herfugl/NorESMTinkerTool/tinkertool/output/paramfile/paramfile_file_sim14.nc generated with changes: {'d_max': np.float64(54.67), 'frac_sat_soil_dsl_init': np.float64(0.95)}
2025-11-05 14:35:54 [INFO_DETAILED/Tinkertool_log] /cluster/projects/nn9560k/herfugl/NorESMTinkerTool/tinkertool/output/paramfile/paramfile_file_sim15.nc generated with changes: {'d_max': np.float64(28.77), 'frac_sat_soil_dsl_init': np.float64(0.69)}
2025-11-05 14:35:55 [INFO_DETAILED/Tinkertool_log] /cluster/projects/nn9560k/herfugl/NorESMTinkerTool/tinkertool/output/paramfile/paramfile_file_sim16.nc generated with changes: {'d_max': np.float64(58.85), 'frac_sat_soil_dsl_init': np.float64(0.99)}
2025-11-05 14:35:55 [INFO_DETAILED/Tinkertool_log] /cluster/projects/nn9560k/herfugl/NorESMTinkerTool/tinkertool/output/paramfile/paramfile_file_sim17.nc generated with changes: {'d_max': np.float64(14.49), 'frac_sat_soil_dsl_init': np.float64(0.54)}
2025-11-05 14:35:56 [INFO_DETAILED/Tinkertool_log] /cluster/projects/nn9560k/herfugl/NorESMTinkerTool/tinkertool/output/paramfile/paramfile_file_sim18.nc generated with changes: {'d_max': np.float64(15.72), 'frac_sat_soil_dsl_init': np.float64(0.56)}
2025-11-05 14:35:57 [INFO_DETAILED/Tinkertool_log] /cluster/projects/nn9560k/herfugl/NorESMTinkerTool/tinkertool/output/paramfile/paramfile_file_sim19.nc generated with changes: {'d_max': np.float64(26.04), 'frac_sat_soil_dsl_init': np.float64(0.66)}
2025-11-05 14:35:57 [INFO_DETAILED/Tinkertool_log] /cluster/projects/nn9560k/herfugl/NorESMTinkerTool/tinkertool/output/paramfile/paramfile_file_sim20.nc generated with changes: {'d_max': np.float64(39.79), 'frac_sat_soil_dsl_init': np.float64(0.8)}
2025-11-05 14:35:58 [INFO_DETAILED/Tinkertool_log] /cluster/projects/nn9560k/herfugl/NorESMTinkerTool/tinkertool/output/paramfile/paramfile_file_sim21.nc generated with changes: {'d_max': np.float64(45.19), 'frac_sat_soil_dsl_init': np.float64(0.85)}
2025-11-05 14:35:59 [INFO_DETAILED/Tinkertool_log] /cluster/projects/nn9560k/herfugl/NorESMTinkerTool/tinkertool/output/paramfile/paramfile_file_sim22.nc generated with changes: {'d_max': np.float64(29.58), 'frac_sat_soil_dsl_init': np.float64(0.7)}
2025-11-05 14:35:59 [INFO_DETAILED/Tinkertool_log] /cluster/projects/nn9560k/herfugl/NorESMTinkerTool/tinkertool/output/paramfile/paramfile_file_sim23.nc generated with changes: {'d_max': np.float64(59.74), 'frac_sat_soil_dsl_init': np.float64(1.0)}
2025-11-05 14:36:00 [INFO_DETAILED/Tinkertool_log] /cluster/projects/nn9560k/herfugl/NorESMTinkerTool/tinkertool/output/paramfile/paramfile_file_sim24.nc generated with changes: {'d_max': np.float64(47.53), 'frac_sat_soil_dsl_init': np.float64(0.88)}
2025-11-05 14:36:01 [INFO_DETAILED/Tinkertool_log] /cluster/projects/nn9560k/herfugl/NorESMTinkerTool/tinkertool/output/paramfile/paramfile_file_sim25.nc generated with changes: {'d_max': np.float64(38.68), 'frac_sat_soil_dsl_init': np.float64(0.79)}
2025-11-05 14:36:01 [INFO_DETAILED/Tinkertool_log] /cluster/projects/nn9560k/herfugl/NorESMTinkerTool/tinkertool/output/paramfile/paramfile_file_sim26.nc generated with changes: {'d_max': np.float64(57.05), 'frac_sat_soil_dsl_init': np.float64(0.97)}
2025-11-05 14:36:02 [INFO_DETAILED/Tinkertool_log] /cluster/projects/nn9560k/herfugl/NorESMTinkerTool/tinkertool/output/paramfile/paramfile_file_sim27.nc generated with changes: {'d_max': np.float64(42.07), 'frac_sat_soil_dsl_init': np.float64(0.82)}
2025-11-05 14:36:03 [INFO_DETAILED/Tinkertool_log] /cluster/projects/nn9560k/herfugl/NorESMTinkerTool/tinkertool/output/paramfile/paramfile_file_sim28.nc generated with changes: {'d_max': np.float64(35.76), 'frac_sat_soil_dsl_init': np.float64(0.76)}
2025-11-05 14:36:03 [INFO_DETAILED/Tinkertool_log] /cluster/projects/nn9560k/herfugl/NorESMTinkerTool/tinkertool/output/paramfile/paramfile_file_sim29.nc generated with changes: {'d_max': np.float64(30.03), 'frac_sat_soil_dsl_init': np.float64(0.7)}
2025-11-05 14:36:04 [INFO_DETAILED/Tinkertool_log] /cluster/projects/nn9560k/herfugl/NorESMTinkerTool/tinkertool/output/paramfile/paramfile_file_sim30.nc generated with changes: {'d_max': np.float64(11.31), 'frac_sat_soil_dsl_init': np.float64(0.51)}
2025-11-05 14:36:05 [INFO_DETAILED/Tinkertool_log] /cluster/projects/nn9560k/herfugl/NorESMTinkerTool/tinkertool/output/paramfile/paramfile_file_sim31.nc generated with changes: {'d_max': np.float64(52.79), 'frac_sat_soil_dsl_init': np.float64(0.93)}
2025-11-05 14:36:05 [INFO_DETAILED/Tinkertool_log] /cluster/projects/nn9560k/herfugl/NorESMTinkerTool/tinkertool/output/paramfile/paramfile_file_sim32.nc generated with changes: {'d_max': np.float64(46.29), 'frac_sat_soil_dsl_init': np.float64(0.86)}
2025-11-05 14:36:06 [INFO_DETAILED/Tinkertool_log] /cluster/projects/nn9560k/herfugl/NorESMTinkerTool/tinkertool/output/paramfile/paramfile_file_sim33.nc generated with changes: {'d_max': np.float64(10.94), 'frac_sat_soil_dsl_init': np.float64(0.51)}
2025-11-05 14:36:07 [INFO_DETAILED/Tinkertool_log] /cluster/projects/nn9560k/herfugl/NorESMTinkerTool/tinkertool/output/paramfile/paramfile_file_sim34.nc generated with changes: {'d_max': np.float64(25.98), 'frac_sat_soil_dsl_init': np.float64(0.66)}
2025-11-05 14:36:07 [INFO_DETAILED/Tinkertool_log] /cluster/projects/nn9560k/herfugl/NorESMTinkerTool/tinkertool/output/paramfile/paramfile_file_sim35.nc generated with changes: {'d_max': np.float64(19.39), 'frac_sat_soil_dsl_init': np.float64(0.59)}
2025-11-05 14:36:08 [INFO_DETAILED/Tinkertool_log] /cluster/projects/nn9560k/herfugl/NorESMTinkerTool/tinkertool/output/paramfile/paramfile_file_sim36.nc generated with changes: {'d_max': np.float64(55.6), 'frac_sat_soil_dsl_init': np.float64(0.96)}
2025-11-05 14:36:09 [INFO_DETAILED/Tinkertool_log] /cluster/projects/nn9560k/herfugl/NorESMTinkerTool/tinkertool/output/paramfile/paramfile_file_sim37.nc generated with changes: {'d_max': np.float64(31.68), 'frac_sat_soil_dsl_init': np.float64(0.72)}
2025-11-05 14:36:09 [INFO_DETAILED/Tinkertool_log] /cluster/projects/nn9560k/herfugl/NorESMTinkerTool/tinkertool/output/paramfile/paramfile_file_sim38.nc generated with changes: {'d_max': np.float64(13.33), 'frac_sat_soil_dsl_init': np.float64(0.53)}
2025-11-05 14:36:10 [INFO_DETAILED/Tinkertool_log] /cluster/projects/nn9560k/herfugl/NorESMTinkerTool/tinkertool/output/paramfile/paramfile_file_sim39.nc generated with changes: {'d_max': np.float64(17.17), 'frac_sat_soil_dsl_init': np.float64(0.57)}
