2025-11-05 14:23:20 [INFO_DETAILED/Tinkertool_log] >> Generating with config: Instance of dataclass 'CheckedParameterFileConfig':
  verbose              = 2 (<class 'int'>) | Increase verbosity level (0: WARNING, 1: INFO, 2: INFO_DETAILED, 3: DEBUG)
  log_dir              = PosixPath('/cluster/projects/nn9560k/johannef/NorESM_workdir/cases-test_tinkertool4coupled/coupled-ppe-runscripts/output_files/logs') (pathlib.Path | str) | Path to the log directory where logs will be written. If not specified, logs will be printed in current work directory.
  log_mode             = 'w' (<class 'str'>) | Mode for opening the log file ('w' for write, 'a' for append)
  log_file             = PosixPath('/cluster/projects/nn9560k/johannef/NorESM_workdir/cases-test_tinkertool4coupled/coupled-ppe-runscripts/output_files/logs/tinkertool_20251105-142318.log') (<class 'pathlib.Path'>) | Log file path (set automatically)
  param_ranges_inpath  = PosixPath('/cluster/projects/nn9560k/johannef/NorESM_workdir/cases-test_tinkertool4coupled/coupled-ppe-runscripts/input_files/NorESM3_tuningparameterinfo_PPE.ini') (<class 'pathlib.Path'>) | Path to the parameter ranges file in .ini format
  param_sample_outpath = PosixPath('/cluster/projects/nn9560k/johannef/NorESM_workdir/cases-test_tinkertool4coupled/coupled-ppe-runscripts/input_files/NorESM3_tuningparameterinfo_PPE_test.nc') (<class 'pathlib.Path'>) | Path to the output parameter file with .nc extension
  nmb_sim              = 50 (<class 'int'>) | Number of ensemble members.
  chem_mech_file       = None (pathlib.Path | None) | Path to the chemistry mechanism file
  ctsm_default_param_file = PosixPath('/cluster/shared/noresm/inputdata/lnd/clm2/paramdata/ctsm60_params.250923_v26j.nc') (pathlib.Path | None) | Path to the default CTSM parameter file in netCDF format
  fates_default_param_file = PosixPath('/cluster/shared/noresm/inputdata/lnd/clm2/paramdata/fates_params_api.40.0.0_14pft_c250923_noresm_v26i.nc') (pathlib.Path | None) | Path to the default FATES parameter file in netCDF format
  tinkertool_output_dir = PosixPath('/cluster/projects/nn9560k/johannef/NorESM_workdir/NorESMTinkerTool/tinkertool/output') (<class 'pathlib.Path'>) | Path to the output directory for files produced by TinkerTool
  optimization         = None (str | None) | Whether to enable optimization after sampling
  avoid_scramble       = False (<class 'bool'>) | Overwrite the default scramble of hypercube
  params               = ['micro_mg_dcs', 'zmconv_c0_ocn', 'zmconv_tiedke_add', 'clubb_C8', 'CE', 'EGC', 'EGIDFQ', 'd_max', 'frac_sat_soil_dsl_init', 'fates_leaf_stomatal_slope_medlyn', 'fates_mort_hf_sm_threshold', 'fates_turb_z0mr', 'phi_i_mushy'] (<class 'list'>) | List of parameters to be sampled
  exclude_default      = False (<class 'bool'>) | Whether to exclude the default parameter value in the output file
  param_ranges         = <configparser.ConfigParser object at 0x7f2d7de4fc90> (<class 'configparser.ConfigParser'>) | Parsed parameter ranges file
  nparams              = 13 (<class 'int'>) | Number of parameters to be sampled
  scramble             = True (<class 'bool'>) | Whether to scramble the samples
  nmb_sim_dim          = array([ 0,  1,  2,  3,  4,  5,  6,  7,  8,  9, 10, 11, 12, 13, 14, 15, 16,
       17, 18, 19, 20, 21, 22, 23, 24, 25, 26, 27, 28, 29, 30, 31, 32, 33,
       34, 35, 36, 37, 38, 39, 40, 41, 42, 43, 44, 45, 46, 47, 48, 49, 50]) (<class 'numpy.ndarray'>) | Array of ensemble member indices
  change_chem_mech     = False (<class 'bool'>) | Whether to change the chemistry mechanism file
  change_ctsm_params   = True (<class 'bool'>) | Whether to change CTSM parameters
  change_fates_params  = True (<class 'bool'>) | Whether to change FATES parameters
2025-11-05 14:23:21 [INFO_DETAILED/Tinkertool_log] /cluster/projects/nn9560k/johannef/NorESM_workdir/NorESMTinkerTool/tinkertool/output/paramfile/paramfile_file_sim0.nc generated with changes: {'d_max': np.float64(15.0), 'frac_sat_soil_dsl_init': np.float64(0.8)}
2025-11-05 14:23:22 [INFO_DETAILED/Tinkertool_log] /cluster/projects/nn9560k/johannef/NorESM_workdir/NorESMTinkerTool/tinkertool/output/paramfile/paramfile_file_sim1.nc generated with changes: {'d_max': np.float64(36.0), 'frac_sat_soil_dsl_init': np.float64(0.76)}
2025-11-05 14:23:22 [INFO_DETAILED/Tinkertool_log] /cluster/projects/nn9560k/johannef/NorESM_workdir/NorESMTinkerTool/tinkertool/output/paramfile/paramfile_file_sim2.nc generated with changes: {'d_max': np.float64(26.46), 'frac_sat_soil_dsl_init': np.float64(0.66)}
2025-11-05 14:23:23 [INFO_DETAILED/Tinkertool_log] /cluster/projects/nn9560k/johannef/NorESM_workdir/NorESMTinkerTool/tinkertool/output/paramfile/paramfile_file_sim3.nc generated with changes: {'d_max': np.float64(43.2), 'frac_sat_soil_dsl_init': np.float64(0.83)}
2025-11-05 14:23:24 [INFO_DETAILED/Tinkertool_log] /cluster/projects/nn9560k/johannef/NorESM_workdir/NorESMTinkerTool/tinkertool/output/paramfile/paramfile_file_sim4.nc generated with changes: {'d_max': np.float64(57.35), 'frac_sat_soil_dsl_init': np.float64(0.97)}
2025-11-05 14:23:25 [INFO_DETAILED/Tinkertool_log] /cluster/projects/nn9560k/johannef/NorESM_workdir/NorESMTinkerTool/tinkertool/output/paramfile/paramfile_file_sim5.nc generated with changes: {'d_max': np.float64(33.65), 'frac_sat_soil_dsl_init': np.float64(0.74)}
2025-11-05 14:23:25 [INFO_DETAILED/Tinkertool_log] /cluster/projects/nn9560k/johannef/NorESM_workdir/NorESMTinkerTool/tinkertool/output/paramfile/paramfile_file_sim6.nc generated with changes: {'d_max': np.float64(55.18), 'frac_sat_soil_dsl_init': np.float64(0.95)}
2025-11-05 14:23:26 [INFO_DETAILED/Tinkertool_log] /cluster/projects/nn9560k/johannef/NorESM_workdir/NorESMTinkerTool/tinkertool/output/paramfile/paramfile_file_sim7.nc generated with changes: {'d_max': np.float64(22.96), 'frac_sat_soil_dsl_init': np.float64(0.63)}
2025-11-05 14:23:27 [INFO_DETAILED/Tinkertool_log] /cluster/projects/nn9560k/johannef/NorESM_workdir/NorESMTinkerTool/tinkertool/output/paramfile/paramfile_file_sim8.nc generated with changes: {'d_max': np.float64(56.53), 'frac_sat_soil_dsl_init': np.float64(0.97)}
2025-11-05 14:23:27 [INFO_DETAILED/Tinkertool_log] /cluster/projects/nn9560k/johannef/NorESM_workdir/NorESMTinkerTool/tinkertool/output/paramfile/paramfile_file_sim9.nc generated with changes: {'d_max': np.float64(52.3), 'frac_sat_soil_dsl_init': np.float64(0.92)}
2025-11-05 14:23:28 [INFO_DETAILED/Tinkertool_log] /cluster/projects/nn9560k/johannef/NorESM_workdir/NorESMTinkerTool/tinkertool/output/paramfile/paramfile_file_sim10.nc generated with changes: {'d_max': np.float64(16.06), 'frac_sat_soil_dsl_init': np.float64(0.56)}
2025-11-05 14:23:29 [INFO_DETAILED/Tinkertool_log] /cluster/projects/nn9560k/johannef/NorESM_workdir/NorESMTinkerTool/tinkertool/output/paramfile/paramfile_file_sim11.nc generated with changes: {'d_max': np.float64(48.18), 'frac_sat_soil_dsl_init': np.float64(0.88)}
2025-11-05 14:23:29 [INFO_DETAILED/Tinkertool_log] /cluster/projects/nn9560k/johannef/NorESM_workdir/NorESMTinkerTool/tinkertool/output/paramfile/paramfile_file_sim12.nc generated with changes: {'d_max': np.float64(34.18), 'frac_sat_soil_dsl_init': np.float64(0.74)}
2025-11-05 14:23:30 [INFO_DETAILED/Tinkertool_log] /cluster/projects/nn9560k/johannef/NorESM_workdir/NorESMTinkerTool/tinkertool/output/paramfile/paramfile_file_sim13.nc generated with changes: {'d_max': np.float64(59.73), 'frac_sat_soil_dsl_init': np.float64(1.0)}
2025-11-05 14:23:31 [INFO_DETAILED/Tinkertool_log] /cluster/projects/nn9560k/johannef/NorESM_workdir/NorESMTinkerTool/tinkertool/output/paramfile/paramfile_file_sim14.nc generated with changes: {'d_max': np.float64(53.48), 'frac_sat_soil_dsl_init': np.float64(0.93)}
2025-11-05 14:23:31 [INFO_DETAILED/Tinkertool_log] /cluster/projects/nn9560k/johannef/NorESM_workdir/NorESMTinkerTool/tinkertool/output/paramfile/paramfile_file_sim15.nc generated with changes: {'d_max': np.float64(47.61), 'frac_sat_soil_dsl_init': np.float64(0.88)}
2025-11-05 14:23:32 [INFO_DETAILED/Tinkertool_log] /cluster/projects/nn9560k/johannef/NorESM_workdir/NorESMTinkerTool/tinkertool/output/paramfile/paramfile_file_sim16.nc generated with changes: {'d_max': np.float64(15.27), 'frac_sat_soil_dsl_init': np.float64(0.55)}
2025-11-05 14:23:33 [INFO_DETAILED/Tinkertool_log] /cluster/projects/nn9560k/johannef/NorESM_workdir/NorESMTinkerTool/tinkertool/output/paramfile/paramfile_file_sim17.nc generated with changes: {'d_max': np.float64(25.58), 'frac_sat_soil_dsl_init': np.float64(0.66)}
2025-11-05 14:23:34 [INFO_DETAILED/Tinkertool_log] /cluster/projects/nn9560k/johannef/NorESM_workdir/NorESMTinkerTool/tinkertool/output/paramfile/paramfile_file_sim18.nc generated with changes: {'d_max': np.float64(23.96), 'frac_sat_soil_dsl_init': np.float64(0.64)}
2025-11-05 14:23:35 [INFO_DETAILED/Tinkertool_log] /cluster/projects/nn9560k/johannef/NorESM_workdir/NorESMTinkerTool/tinkertool/output/paramfile/paramfile_file_sim19.nc generated with changes: {'d_max': np.float64(17.63), 'frac_sat_soil_dsl_init': np.float64(0.58)}
2025-11-05 14:23:35 [INFO_DETAILED/Tinkertool_log] /cluster/projects/nn9560k/johannef/NorESM_workdir/NorESMTinkerTool/tinkertool/output/paramfile/paramfile_file_sim20.nc generated with changes: {'d_max': np.float64(27.09), 'frac_sat_soil_dsl_init': np.float64(0.67)}
2025-11-05 14:23:36 [INFO_DETAILED/Tinkertool_log] /cluster/projects/nn9560k/johannef/NorESM_workdir/NorESMTinkerTool/tinkertool/output/paramfile/paramfile_file_sim21.nc generated with changes: {'d_max': np.float64(19.79), 'frac_sat_soil_dsl_init': np.float64(0.6)}
2025-11-05 14:23:37 [INFO_DETAILED/Tinkertool_log] /cluster/projects/nn9560k/johannef/NorESM_workdir/NorESMTinkerTool/tinkertool/output/paramfile/paramfile_file_sim22.nc generated with changes: {'d_max': np.float64(41.25), 'frac_sat_soil_dsl_init': np.float64(0.81)}
2025-11-05 14:23:37 [INFO_DETAILED/Tinkertool_log] /cluster/projects/nn9560k/johannef/NorESM_workdir/NorESMTinkerTool/tinkertool/output/paramfile/paramfile_file_sim23.nc generated with changes: {'d_max': np.float64(11.08), 'frac_sat_soil_dsl_init': np.float64(0.51)}
2025-11-05 14:23:38 [INFO_DETAILED/Tinkertool_log] /cluster/projects/nn9560k/johannef/NorESM_workdir/NorESMTinkerTool/tinkertool/output/paramfile/paramfile_file_sim24.nc generated with changes: {'d_max': np.float64(21.6), 'frac_sat_soil_dsl_init': np.float64(0.62)}
2025-11-05 14:23:39 [INFO_DETAILED/Tinkertool_log] /cluster/projects/nn9560k/johannef/NorESM_workdir/NorESMTinkerTool/tinkertool/output/paramfile/paramfile_file_sim25.nc generated with changes: {'d_max': np.float64(58.53), 'frac_sat_soil_dsl_init': np.float64(0.99)}
2025-11-05 14:23:39 [INFO_DETAILED/Tinkertool_log] /cluster/projects/nn9560k/johannef/NorESM_workdir/NorESMTinkerTool/tinkertool/output/paramfile/paramfile_file_sim26.nc generated with changes: {'d_max': np.float64(31.49), 'frac_sat_soil_dsl_init': np.float64(0.71)}
2025-11-05 14:23:40 [INFO_DETAILED/Tinkertool_log] /cluster/projects/nn9560k/johannef/NorESM_workdir/NorESMTinkerTool/tinkertool/output/paramfile/paramfile_file_sim27.nc generated with changes: {'d_max': np.float64(50.02), 'frac_sat_soil_dsl_init': np.float64(0.9)}
2025-11-05 14:23:41 [INFO_DETAILED/Tinkertool_log] /cluster/projects/nn9560k/johannef/NorESM_workdir/NorESMTinkerTool/tinkertool/output/paramfile/paramfile_file_sim28.nc generated with changes: {'d_max': np.float64(45.26), 'frac_sat_soil_dsl_init': np.float64(0.85)}
2025-11-05 14:23:42 [INFO_DETAILED/Tinkertool_log] /cluster/projects/nn9560k/johannef/NorESM_workdir/NorESMTinkerTool/tinkertool/output/paramfile/paramfile_file_sim29.nc generated with changes: {'d_max': np.float64(20.57), 'frac_sat_soil_dsl_init': np.float64(0.61)}
2025-11-05 14:23:42 [INFO_DETAILED/Tinkertool_log] /cluster/projects/nn9560k/johannef/NorESM_workdir/NorESMTinkerTool/tinkertool/output/paramfile/paramfile_file_sim30.nc generated with changes: {'d_max': np.float64(42.61), 'frac_sat_soil_dsl_init': np.float64(0.83)}
2025-11-05 14:23:43 [INFO_DETAILED/Tinkertool_log] /cluster/projects/nn9560k/johannef/NorESM_workdir/NorESMTinkerTool/tinkertool/output/paramfile/paramfile_file_sim31.nc generated with changes: {'d_max': np.float64(32.16), 'frac_sat_soil_dsl_init': np.float64(0.72)}
2025-11-05 14:23:44 [INFO_DETAILED/Tinkertool_log] /cluster/projects/nn9560k/johannef/NorESM_workdir/NorESMTinkerTool/tinkertool/output/paramfile/paramfile_file_sim32.nc generated with changes: {'d_max': np.float64(18.46), 'frac_sat_soil_dsl_init': np.float64(0.58)}
2025-11-05 14:23:44 [INFO_DETAILED/Tinkertool_log] /cluster/projects/nn9560k/johannef/NorESM_workdir/NorESMTinkerTool/tinkertool/output/paramfile/paramfile_file_sim33.nc generated with changes: {'d_max': np.float64(14.94), 'frac_sat_soil_dsl_init': np.float64(0.55)}
2025-11-05 14:23:45 [INFO_DETAILED/Tinkertool_log] /cluster/projects/nn9560k/johannef/NorESM_workdir/NorESMTinkerTool/tinkertool/output/paramfile/paramfile_file_sim34.nc generated with changes: {'d_max': np.float64(12.77), 'frac_sat_soil_dsl_init': np.float64(0.53)}
2025-11-05 14:23:46 [INFO_DETAILED/Tinkertool_log] /cluster/projects/nn9560k/johannef/NorESM_workdir/NorESMTinkerTool/tinkertool/output/paramfile/paramfile_file_sim35.nc generated with changes: {'d_max': np.float64(28.47), 'frac_sat_soil_dsl_init': np.float64(0.68)}
2025-11-05 14:23:46 [INFO_DETAILED/Tinkertool_log] /cluster/projects/nn9560k/johannef/NorESM_workdir/NorESMTinkerTool/tinkertool/output/paramfile/paramfile_file_sim36.nc generated with changes: {'d_max': np.float64(10.54), 'frac_sat_soil_dsl_init': np.float64(0.51)}
2025-11-05 14:23:47 [INFO_DETAILED/Tinkertool_log] /cluster/projects/nn9560k/johannef/NorESM_workdir/NorESMTinkerTool/tinkertool/output/paramfile/paramfile_file_sim37.nc generated with changes: {'d_max': np.float64(51.13), 'frac_sat_soil_dsl_init': np.float64(0.91)}
2025-11-05 14:23:48 [INFO_DETAILED/Tinkertool_log] /cluster/projects/nn9560k/johannef/NorESM_workdir/NorESMTinkerTool/tinkertool/output/paramfile/paramfile_file_sim38.nc generated with changes: {'d_max': np.float64(37.64), 'frac_sat_soil_dsl_init': np.float64(0.78)}
2025-11-05 14:23:48 [INFO_DETAILED/Tinkertool_log] /cluster/projects/nn9560k/johannef/NorESM_workdir/NorESMTinkerTool/tinkertool/output/paramfile/paramfile_file_sim39.nc generated with changes: {'d_max': np.float64(36.67), 'frac_sat_soil_dsl_init': np.float64(0.77)}
2025-11-05 14:23:49 [INFO_DETAILED/Tinkertool_log] /cluster/projects/nn9560k/johannef/NorESM_workdir/NorESMTinkerTool/tinkertool/output/paramfile/paramfile_file_sim40.nc generated with changes: {'d_max': np.float64(49.3), 'frac_sat_soil_dsl_init': np.float64(0.89)}
2025-11-05 14:23:50 [INFO_DETAILED/Tinkertool_log] /cluster/projects/nn9560k/johannef/NorESM_workdir/NorESMTinkerTool/tinkertool/output/paramfile/paramfile_file_sim41.nc generated with changes: {'d_max': np.float64(46.79), 'frac_sat_soil_dsl_init': np.float64(0.87)}
2025-11-05 14:23:50 [INFO_DETAILED/Tinkertool_log] /cluster/projects/nn9560k/johannef/NorESM_workdir/NorESMTinkerTool/tinkertool/output/paramfile/paramfile_file_sim42.nc generated with changes: {'d_max': np.float64(39.54), 'frac_sat_soil_dsl_init': np.float64(0.8)}
2025-11-05 14:23:51 [INFO_DETAILED/Tinkertool_log] /cluster/projects/nn9560k/johannef/NorESM_workdir/NorESMTinkerTool/tinkertool/output/paramfile/paramfile_file_sim43.nc generated with changes: {'d_max': np.float64(24.44), 'frac_sat_soil_dsl_init': np.float64(0.64)}
2025-11-05 14:23:52 [INFO_DETAILED/Tinkertool_log] /cluster/projects/nn9560k/johannef/NorESM_workdir/NorESMTinkerTool/tinkertool/output/paramfile/paramfile_file_sim44.nc generated with changes: {'d_max': np.float64(54.61), 'frac_sat_soil_dsl_init': np.float64(0.95)}
2025-11-05 14:23:52 [INFO_DETAILED/Tinkertool_log] /cluster/projects/nn9560k/johannef/NorESM_workdir/NorESMTinkerTool/tinkertool/output/paramfile/paramfile_file_sim45.nc generated with changes: {'d_max': np.float64(29.46), 'frac_sat_soil_dsl_init': np.float64(0.69)}
2025-11-05 14:23:53 [INFO_DETAILED/Tinkertool_log] /cluster/projects/nn9560k/johannef/NorESM_workdir/NorESMTinkerTool/tinkertool/output/paramfile/paramfile_file_sim46.nc generated with changes: {'d_max': np.float64(40.41), 'frac_sat_soil_dsl_init': np.float64(0.8)}
2025-11-05 14:23:54 [INFO_DETAILED/Tinkertool_log] /cluster/projects/nn9560k/johannef/NorESM_workdir/NorESMTinkerTool/tinkertool/output/paramfile/paramfile_file_sim47.nc generated with changes: {'d_max': np.float64(44.1), 'frac_sat_soil_dsl_init': np.float64(0.84)}
2025-11-05 14:23:54 [INFO_DETAILED/Tinkertool_log] /cluster/projects/nn9560k/johannef/NorESM_workdir/NorESMTinkerTool/tinkertool/output/paramfile/paramfile_file_sim48.nc generated with changes: {'d_max': np.float64(30.97), 'frac_sat_soil_dsl_init': np.float64(0.71)}
2025-11-05 14:23:55 [INFO_DETAILED/Tinkertool_log] /cluster/projects/nn9560k/johannef/NorESM_workdir/NorESMTinkerTool/tinkertool/output/paramfile/paramfile_file_sim49.nc generated with changes: {'d_max': np.float64(13.38), 'frac_sat_soil_dsl_init': np.float64(0.53)}
2025-11-05 14:23:56 [INFO_DETAILED/Tinkertool_log] /cluster/projects/nn9560k/johannef/NorESM_workdir/NorESMTinkerTool/tinkertool/output/paramfile/paramfile_file_sim50.nc generated with changes: {'d_max': np.float64(38.25), 'frac_sat_soil_dsl_init': np.float64(0.78)}
2025-11-05 14:23:56 [INFO_DETAILED/Tinkertool_log] /cluster/projects/nn9560k/johannef/NorESM_workdir/NorESMTinkerTool/tinkertool/output/fates_paramfile/fates_paramfile_file_sim0.nc generated with changes: {'fates_leaf_stomatal_slope_medlyn': np.float64(1.0), 'fates_mort_hf_sm_threshold': np.float64(1.0), 'fates_turb_z0mr': np.float64(1.0)}
2025-11-05 14:23:57 [INFO_DETAILED/Tinkertool_log] /cluster/projects/nn9560k/johannef/NorESM_workdir/NorESMTinkerTool/tinkertool/output/fates_paramfile/fates_paramfile_file_sim1.nc generated with changes: {'fates_leaf_stomatal_slope_medlyn': np.float64(0.99), 'fates_mort_hf_sm_threshold': np.float64(1.04), 'fates_turb_z0mr': np.float64(1.05)}
2025-11-05 14:23:57 [INFO_DETAILED/Tinkertool_log] /cluster/projects/nn9560k/johannef/NorESM_workdir/NorESMTinkerTool/tinkertool/output/fates_paramfile/fates_paramfile_file_sim2.nc generated with changes: {'fates_leaf_stomatal_slope_medlyn': np.float64(1.07), 'fates_mort_hf_sm_threshold': np.float64(0.81), 'fates_turb_z0mr': np.float64(1.14)}
2025-11-05 14:23:57 [INFO_DETAILED/Tinkertool_log] /cluster/projects/nn9560k/johannef/NorESM_workdir/NorESMTinkerTool/tinkertool/output/fates_paramfile/fates_paramfile_file_sim3.nc generated with changes: {'fates_leaf_stomatal_slope_medlyn': np.float64(0.93), 'fates_mort_hf_sm_threshold': np.float64(0.94), 'fates_turb_z0mr': np.float64(0.8)}
2025-11-05 14:23:58 [INFO_DETAILED/Tinkertool_log] /cluster/projects/nn9560k/johannef/NorESM_workdir/NorESMTinkerTool/tinkertool/output/fates_paramfile/fates_paramfile_file_sim4.nc generated with changes: {'fates_leaf_stomatal_slope_medlyn': np.float64(0.82), 'fates_mort_hf_sm_threshold': np.float64(1.19), 'fates_turb_z0mr': np.float64(0.85)}
2025-11-05 14:23:58 [INFO_DETAILED/Tinkertool_log] /cluster/projects/nn9560k/johannef/NorESM_workdir/NorESMTinkerTool/tinkertool/output/fates_paramfile/fates_paramfile_file_sim5.nc generated with changes: {'fates_leaf_stomatal_slope_medlyn': np.float64(1.01), 'fates_mort_hf_sm_threshold': np.float64(0.95), 'fates_turb_z0mr': np.float64(0.92)}
2025-11-05 14:23:59 [INFO_DETAILED/Tinkertool_log] /cluster/projects/nn9560k/johannef/NorESM_workdir/NorESMTinkerTool/tinkertool/output/fates_paramfile/fates_paramfile_file_sim6.nc generated with changes: {'fates_leaf_stomatal_slope_medlyn': np.float64(0.84), 'fates_mort_hf_sm_threshold': np.float64(1.11), 'fates_turb_z0mr': np.float64(1.05)}
2025-11-05 14:23:59 [INFO_DETAILED/Tinkertool_log] /cluster/projects/nn9560k/johannef/NorESM_workdir/NorESMTinkerTool/tinkertool/output/fates_paramfile/fates_paramfile_file_sim7.nc generated with changes: {'fates_leaf_stomatal_slope_medlyn': np.float64(1.1), 'fates_mort_hf_sm_threshold': np.float64(1.01), 'fates_turb_z0mr': np.float64(0.97)}
2025-11-05 14:23:59 [INFO_DETAILED/Tinkertool_log] /cluster/projects/nn9560k/johannef/NorESM_workdir/NorESMTinkerTool/tinkertool/output/fates_paramfile/fates_paramfile_file_sim8.nc generated with changes: {'fates_leaf_stomatal_slope_medlyn': np.float64(0.83), 'fates_mort_hf_sm_threshold': np.float64(0.87), 'fates_turb_z0mr': np.float64(1.1)}
2025-11-05 14:24:00 [INFO_DETAILED/Tinkertool_log] /cluster/projects/nn9560k/johannef/NorESM_workdir/NorESMTinkerTool/tinkertool/output/fates_paramfile/fates_paramfile_file_sim9.nc generated with changes: {'fates_leaf_stomatal_slope_medlyn': np.float64(0.86), 'fates_mort_hf_sm_threshold': np.float64(1.0), 'fates_turb_z0mr': np.float64(1.04)}
2025-11-05 14:24:00 [INFO_DETAILED/Tinkertool_log] /cluster/projects/nn9560k/johannef/NorESM_workdir/NorESMTinkerTool/tinkertool/output/fates_paramfile/fates_paramfile_file_sim10.nc generated with changes: {'fates_leaf_stomatal_slope_medlyn': np.float64(1.15), 'fates_mort_hf_sm_threshold': np.float64(1.09), 'fates_turb_z0mr': np.float64(0.92)}
2025-11-05 14:24:01 [INFO_DETAILED/Tinkertool_log] /cluster/projects/nn9560k/johannef/NorESM_workdir/NorESMTinkerTool/tinkertool/output/fates_paramfile/fates_paramfile_file_sim11.nc generated with changes: {'fates_leaf_stomatal_slope_medlyn': np.float64(0.89), 'fates_mort_hf_sm_threshold': np.float64(1.15), 'fates_turb_z0mr': np.float64(0.96)}
2025-11-05 14:24:01 [INFO_DETAILED/Tinkertool_log] /cluster/projects/nn9560k/johannef/NorESM_workdir/NorESMTinkerTool/tinkertool/output/fates_paramfile/fates_paramfile_file_sim12.nc generated with changes: {'fates_leaf_stomatal_slope_medlyn': np.float64(1.01), 'fates_mort_hf_sm_threshold': np.float64(0.89), 'fates_turb_z0mr': np.float64(0.88)}
2025-11-05 14:24:01 [INFO_DETAILED/Tinkertool_log] /cluster/projects/nn9560k/johannef/NorESM_workdir/NorESMTinkerTool/tinkertool/output/fates_paramfile/fates_paramfile_file_sim13.nc generated with changes: {'fates_leaf_stomatal_slope_medlyn': np.float64(0.8), 'fates_mort_hf_sm_threshold': np.float64(1.09), 'fates_turb_z0mr': np.float64(1.02)}
2025-11-05 14:24:02 [INFO_DETAILED/Tinkertool_log] /cluster/projects/nn9560k/johannef/NorESM_workdir/NorESMTinkerTool/tinkertool/output/fates_paramfile/fates_paramfile_file_sim14.nc generated with changes: {'fates_leaf_stomatal_slope_medlyn': np.float64(0.85), 'fates_mort_hf_sm_threshold': np.float64(1.03), 'fates_turb_z0mr': np.float64(0.99)}
2025-11-05 14:24:02 [INFO_DETAILED/Tinkertool_log] /cluster/projects/nn9560k/johannef/NorESM_workdir/NorESMTinkerTool/tinkertool/output/fates_paramfile/fates_paramfile_file_sim15.nc generated with changes: {'fates_leaf_stomatal_slope_medlyn': np.float64(0.9), 'fates_mort_hf_sm_threshold': np.float64(0.84), 'fates_turb_z0mr': np.float64(1.07)}
2025-11-05 14:24:03 [INFO_DETAILED/Tinkertool_log] /cluster/projects/nn9560k/johannef/NorESM_workdir/NorESMTinkerTool/tinkertool/output/fates_paramfile/fates_paramfile_file_sim16.nc generated with changes: {'fates_leaf_stomatal_slope_medlyn': np.float64(1.16), 'fates_mort_hf_sm_threshold': np.float64(0.88), 'fates_turb_z0mr': np.float64(1.03)}
2025-11-05 14:24:03 [INFO_DETAILED/Tinkertool_log] /cluster/projects/nn9560k/johannef/NorESM_workdir/NorESMTinkerTool/tinkertool/output/fates_paramfile/fates_paramfile_file_sim17.nc generated with changes: {'fates_leaf_stomatal_slope_medlyn': np.float64(1.08), 'fates_mort_hf_sm_threshold': np.float64(1.14), 'fates_turb_z0mr': np.float64(1.13)}
2025-11-05 14:24:04 [INFO_DETAILED/Tinkertool_log] /cluster/projects/nn9560k/johannef/NorESM_workdir/NorESMTinkerTool/tinkertool/output/fates_paramfile/fates_paramfile_file_sim18.nc generated with changes: {'fates_leaf_stomatal_slope_medlyn': np.float64(1.09), 'fates_mort_hf_sm_threshold': np.float64(0.86), 'fates_turb_z0mr': np.float64(1.11)}
2025-11-05 14:24:04 [INFO_DETAILED/Tinkertool_log] /cluster/projects/nn9560k/johannef/NorESM_workdir/NorESMTinkerTool/tinkertool/output/fates_paramfile/fates_paramfile_file_sim19.nc generated with changes: {'fates_leaf_stomatal_slope_medlyn': np.float64(1.14), 'fates_mort_hf_sm_threshold': np.float64(0.97), 'fates_turb_z0mr': np.float64(0.82)}
2025-11-05 14:24:04 [INFO_DETAILED/Tinkertool_log] /cluster/projects/nn9560k/johannef/NorESM_workdir/NorESMTinkerTool/tinkertool/output/fates_paramfile/fates_paramfile_file_sim20.nc generated with changes: {'fates_leaf_stomatal_slope_medlyn': np.float64(1.06), 'fates_mort_hf_sm_threshold': np.float64(0.85), 'fates_turb_z0mr': np.float64(0.89)}
2025-11-05 14:24:05 [INFO_DETAILED/Tinkertool_log] /cluster/projects/nn9560k/johannef/NorESM_workdir/NorESMTinkerTool/tinkertool/output/fates_paramfile/fates_paramfile_file_sim21.nc generated with changes: {'fates_leaf_stomatal_slope_medlyn': np.float64(1.12), 'fates_mort_hf_sm_threshold': np.float64(0.93), 'fates_turb_z0mr': np.float64(0.81)}
2025-11-05 14:24:05 [INFO_DETAILED/Tinkertool_log] /cluster/projects/nn9560k/johannef/NorESM_workdir/NorESMTinkerTool/tinkertool/output/fates_paramfile/fates_paramfile_file_sim22.nc generated with changes: {'fates_leaf_stomatal_slope_medlyn': np.float64(0.95), 'fates_mort_hf_sm_threshold': np.float64(1.17), 'fates_turb_z0mr': np.float64(0.88)}
2025-11-05 14:24:06 [INFO_DETAILED/Tinkertool_log] /cluster/projects/nn9560k/johannef/NorESM_workdir/NorESMTinkerTool/tinkertool/output/fates_paramfile/fates_paramfile_file_sim23.nc generated with changes: {'fates_leaf_stomatal_slope_medlyn': np.float64(1.19), 'fates_mort_hf_sm_threshold': np.float64(1.08), 'fates_turb_z0mr': np.float64(0.9)}
2025-11-05 14:24:06 [INFO_DETAILED/Tinkertool_log] /cluster/projects/nn9560k/johannef/NorESM_workdir/NorESMTinkerTool/tinkertool/output/fates_paramfile/fates_paramfile_file_sim24.nc generated with changes: {'fates_leaf_stomatal_slope_medlyn': np.float64(1.11), 'fates_mort_hf_sm_threshold': np.float64(0.84), 'fates_turb_z0mr': np.float64(1.0)}
2025-11-05 14:24:07 [INFO_DETAILED/Tinkertool_log] /cluster/projects/nn9560k/johannef/NorESM_workdir/NorESMTinkerTool/tinkertool/output/fates_paramfile/fates_paramfile_file_sim25.nc generated with changes: {'fates_leaf_stomatal_slope_medlyn': np.float64(0.81), 'fates_mort_hf_sm_threshold': np.float64(0.96), 'fates_turb_z0mr': np.float64(1.17)}
2025-11-05 14:24:07 [INFO_DETAILED/Tinkertool_log] /cluster/projects/nn9560k/johannef/NorESM_workdir/NorESMTinkerTool/tinkertool/output/fates_paramfile/fates_paramfile_file_sim26.nc generated with changes: {'fates_leaf_stomatal_slope_medlyn': np.float64(1.03), 'fates_mort_hf_sm_threshold': np.float64(1.06), 'fates_turb_z0mr': np.float64(1.08)}
2025-11-05 14:24:07 [INFO_DETAILED/Tinkertool_log] /cluster/projects/nn9560k/johannef/NorESM_workdir/NorESMTinkerTool/tinkertool/output/fates_paramfile/fates_paramfile_file_sim27.nc generated with changes: {'fates_leaf_stomatal_slope_medlyn': np.float64(0.88), 'fates_mort_hf_sm_threshold': np.float64(1.06), 'fates_turb_z0mr': np.float64(0.95)}
2025-11-05 14:24:08 [INFO_DETAILED/Tinkertool_log] /cluster/projects/nn9560k/johannef/NorESM_workdir/NorESMTinkerTool/tinkertool/output/fates_paramfile/fates_paramfile_file_sim28.nc generated with changes: {'fates_leaf_stomatal_slope_medlyn': np.float64(0.92), 'fates_mort_hf_sm_threshold': np.float64(0.9), 'fates_turb_z0mr': np.float64(0.87)}
2025-11-05 14:24:08 [INFO_DETAILED/Tinkertool_log] /cluster/projects/nn9560k/johannef/NorESM_workdir/NorESMTinkerTool/tinkertool/output/fates_paramfile/fates_paramfile_file_sim29.nc generated with changes: {'fates_leaf_stomatal_slope_medlyn': np.float64(1.12), 'fates_mort_hf_sm_threshold': np.float64(1.15), 'fates_turb_z0mr': np.float64(1.1)}
2025-11-05 14:24:09 [INFO_DETAILED/Tinkertool_log] /cluster/projects/nn9560k/johannef/NorESM_workdir/NorESMTinkerTool/tinkertool/output/fates_paramfile/fates_paramfile_file_sim30.nc generated with changes: {'fates_leaf_stomatal_slope_medlyn': np.float64(0.94), 'fates_mort_hf_sm_threshold': np.float64(1.19), 'fates_turb_z0mr': np.float64(0.9)}
2025-11-05 14:24:09 [INFO_DETAILED/Tinkertool_log] /cluster/projects/nn9560k/johannef/NorESM_workdir/NorESMTinkerTool/tinkertool/output/fates_paramfile/fates_paramfile_file_sim31.nc generated with changes: {'fates_leaf_stomatal_slope_medlyn': np.float64(1.02), 'fates_mort_hf_sm_threshold': np.float64(1.07), 'fates_turb_z0mr': np.float64(0.84)}
2025-11-05 14:24:09 [INFO_DETAILED/Tinkertool_log] /cluster/projects/nn9560k/johannef/NorESM_workdir/NorESMTinkerTool/tinkertool/output/fates_paramfile/fates_paramfile_file_sim32.nc generated with changes: {'fates_leaf_stomatal_slope_medlyn': np.float64(1.13), 'fates_mort_hf_sm_threshold': np.float64(1.12), 'fates_turb_z0mr': np.float64(1.15)}
2025-11-05 14:24:10 [INFO_DETAILED/Tinkertool_log] /cluster/projects/nn9560k/johannef/NorESM_workdir/NorESMTinkerTool/tinkertool/output/fates_paramfile/fates_paramfile_file_sim33.nc generated with changes: {'fates_leaf_stomatal_slope_medlyn': np.float64(1.16), 'fates_mort_hf_sm_threshold': np.float64(1.14), 'fates_turb_z0mr': np.float64(0.83)}
2025-11-05 14:24:10 [INFO_DETAILED/Tinkertool_log] /cluster/projects/nn9560k/johannef/NorESM_workdir/NorESMTinkerTool/tinkertool/output/fates_paramfile/fates_paramfile_file_sim34.nc generated with changes: {'fates_leaf_stomatal_slope_medlyn': np.float64(1.18), 'fates_mort_hf_sm_threshold': np.float64(0.82), 'fates_turb_z0mr': np.float64(0.93)}
2025-11-05 14:24:11 [INFO_DETAILED/Tinkertool_log] /cluster/projects/nn9560k/johannef/NorESM_workdir/NorESMTinkerTool/tinkertool/output/fates_paramfile/fates_paramfile_file_sim35.nc generated with changes: {'fates_leaf_stomatal_slope_medlyn': np.float64(1.05), 'fates_mort_hf_sm_threshold': np.float64(1.17), 'fates_turb_z0mr': np.float64(0.94)}
2025-11-05 14:24:11 [INFO_DETAILED/Tinkertool_log] /cluster/projects/nn9560k/johannef/NorESM_workdir/NorESMTinkerTool/tinkertool/output/fates_paramfile/fates_paramfile_file_sim36.nc generated with changes: {'fates_leaf_stomatal_slope_medlyn': np.float64(1.2), 'fates_mort_hf_sm_threshold': np.float64(1.18), 'fates_turb_z0mr': np.float64(1.15)}
2025-11-05 14:24:11 [INFO_DETAILED/Tinkertool_log] /cluster/projects/nn9560k/johannef/NorESM_workdir/NorESMTinkerTool/tinkertool/output/fates_paramfile/fates_paramfile_file_sim37.nc generated with changes: {'fates_leaf_stomatal_slope_medlyn': np.float64(0.87), 'fates_mort_hf_sm_threshold': np.float64(0.89), 'fates_turb_z0mr': np.float64(0.86)}
2025-11-05 14:24:12 [INFO_DETAILED/Tinkertool_log] /cluster/projects/nn9560k/johannef/NorESM_workdir/NorESMTinkerTool/tinkertool/output/fates_paramfile/fates_paramfile_file_sim38.nc generated with changes: {'fates_leaf_stomatal_slope_medlyn': np.float64(0.98), 'fates_mort_hf_sm_threshold': np.float64(1.01), 'fates_turb_z0mr': np.float64(0.98)}
2025-11-05 14:24:12 [INFO_DETAILED/Tinkertool_log] /cluster/projects/nn9560k/johannef/NorESM_workdir/NorESMTinkerTool/tinkertool/output/fates_paramfile/fates_paramfile_file_sim39.nc generated with changes: {'fates_leaf_stomatal_slope_medlyn': np.float64(0.99), 'fates_mort_hf_sm_threshold': np.float64(1.04), 'fates_turb_z0mr': np.float64(0.96)}
2025-11-05 14:24:13 [INFO_DETAILED/Tinkertool_log] /cluster/projects/nn9560k/johannef/NorESM_workdir/NorESMTinkerTool/tinkertool/output/fates_paramfile/fates_paramfile_file_sim40.nc generated with changes: {'fates_leaf_stomatal_slope_medlyn': np.float64(0.89), 'fates_mort_hf_sm_threshold': np.float64(0.96), 'fates_turb_z0mr': np.float64(0.84)}
2025-11-05 14:24:13 [INFO_DETAILED/Tinkertool_log] /cluster/projects/nn9560k/johannef/NorESM_workdir/NorESMTinkerTool/tinkertool/output/fates_paramfile/fates_paramfile_file_sim41.nc generated with changes: {'fates_leaf_stomatal_slope_medlyn': np.float64(0.91), 'fates_mort_hf_sm_threshold': np.float64(0.93), 'fates_turb_z0mr': np.float64(1.08)}
2025-11-05 14:24:14 [INFO_DETAILED/Tinkertool_log] /cluster/projects/nn9560k/johannef/NorESM_workdir/NorESMTinkerTool/tinkertool/output/fates_paramfile/fates_paramfile_file_sim42.nc generated with changes: {'fates_leaf_stomatal_slope_medlyn': np.float64(0.96), 'fates_mort_hf_sm_threshold': np.float64(1.12), 'fates_turb_z0mr': np.float64(1.16)}
2025-11-05 14:24:14 [INFO_DETAILED/Tinkertool_log] /cluster/projects/nn9560k/johannef/NorESM_workdir/NorESMTinkerTool/tinkertool/output/fates_paramfile/fates_paramfile_file_sim43.nc generated with changes: {'fates_leaf_stomatal_slope_medlyn': np.float64(1.08), 'fates_mort_hf_sm_threshold': np.float64(0.81), 'fates_turb_z0mr': np.float64(1.14)}
2025-11-05 14:24:14 [INFO_DETAILED/Tinkertool_log] /cluster/projects/nn9560k/johannef/NorESM_workdir/NorESMTinkerTool/tinkertool/output/fates_paramfile/fates_paramfile_file_sim44.nc generated with changes: {'fates_leaf_stomatal_slope_medlyn': np.float64(0.84), 'fates_mort_hf_sm_threshold': np.float64(0.98), 'fates_turb_z0mr': np.float64(1.2)}
2025-11-05 14:24:15 [INFO_DETAILED/Tinkertool_log] /cluster/projects/nn9560k/johannef/NorESM_workdir/NorESMTinkerTool/tinkertool/output/fates_paramfile/fates_paramfile_file_sim45.nc generated with changes: {'fates_leaf_stomatal_slope_medlyn': np.float64(1.04), 'fates_mort_hf_sm_threshold': np.float64(0.98), 'fates_turb_z0mr': np.float64(1.19)}
2025-11-05 14:24:15 [INFO_DETAILED/Tinkertool_log] /cluster/projects/nn9560k/johannef/NorESM_workdir/NorESMTinkerTool/tinkertool/output/fates_paramfile/fates_paramfile_file_sim46.nc generated with changes: {'fates_leaf_stomatal_slope_medlyn': np.float64(0.96), 'fates_mort_hf_sm_threshold': np.float64(0.92), 'fates_turb_z0mr': np.float64(1.06)}
2025-11-05 14:24:16 [INFO_DETAILED/Tinkertool_log] /cluster/projects/nn9560k/johannef/NorESM_workdir/NorESMTinkerTool/tinkertool/output/fates_paramfile/fates_paramfile_file_sim47.nc generated with changes: {'fates_leaf_stomatal_slope_medlyn': np.float64(0.93), 'fates_mort_hf_sm_threshold': np.float64(1.1), 'fates_turb_z0mr': np.float64(0.99)}
2025-11-05 14:24:16 [INFO_DETAILED/Tinkertool_log] /cluster/projects/nn9560k/johannef/NorESM_workdir/NorESMTinkerTool/tinkertool/output/fates_paramfile/fates_paramfile_file_sim48.nc generated with changes: {'fates_leaf_stomatal_slope_medlyn': np.float64(1.03), 'fates_mort_hf_sm_threshold': np.float64(0.91), 'fates_turb_z0mr': np.float64(1.01)}
2025-11-05 14:24:17 [INFO_DETAILED/Tinkertool_log] /cluster/projects/nn9560k/johannef/NorESM_workdir/NorESMTinkerTool/tinkertool/output/fates_paramfile/fates_paramfile_file_sim49.nc generated with changes: {'fates_leaf_stomatal_slope_medlyn': np.float64(1.17), 'fates_mort_hf_sm_threshold': np.float64(1.02), 'fates_turb_z0mr': np.float64(1.09)}
2025-11-05 14:24:17 [INFO_DETAILED/Tinkertool_log] /cluster/projects/nn9560k/johannef/NorESM_workdir/NorESMTinkerTool/tinkertool/output/fates_paramfile/fates_paramfile_file_sim50.nc generated with changes: {'fates_leaf_stomatal_slope_medlyn': np.float64(0.97), 'fates_mort_hf_sm_threshold': np.float64(0.83), 'fates_turb_z0mr': np.float64(1.18)}
