2025-11-07 11:28:52 [INFO/ROOT] >> Starting PPE case building
2025-11-07 11:28:52 [INFO/ROOT] Compset longname is 1850_CAM70%LT%NORESM%CAMoslo_CLM60%FATES-NOCOMP_CICE_BLOM%HYB%ECO_MOSART_DGLC%NOEVOLVE_SWAV_SESP
2025-11-07 11:28:52 [INFO/ROOT] Compset specification file is /cluster/projects/nn9560k/herfugl/NorESM3/cime_config/config_compsets.xml
2025-11-07 11:28:53 [INFO/ROOT] Compset forcing is 1850
2025-11-07 11:28:53 [INFO/ROOT] ATM component is CAM cam7 physics:CAM low top model CAM-Nor physics and dynamics differences :Use the Oslo Aero aerosol model with trop_mam_oslo chemistry :
2025-11-07 11:28:53 [INFO/ROOT] LND component is clm6.0:No Competition mode with FATES (Functionally Assembled Terrestrial Ecosystem Simulator) Ecosystem Demography model: 
2025-11-07 11:28:53 [INFO/ROOT] ICE component is Sea ICE (cice) model version 6
2025-11-07 11:28:53 [INFO/ROOT] OCN component is BLOM default:BLOM/Ecosystem:
2025-11-07 11:28:53 [INFO/ROOT] ROF component is MOSART: MOdel for Scale Adaptive River Transport
2025-11-07 11:28:53 [INFO/ROOT] GLC component is Data glc model (DGLC) no evolve mode 
2025-11-07 11:28:53 [INFO/ROOT] WAV component is Stub wave component
2025-11-07 11:28:53 [INFO/ROOT] ESP component is Stub external system processing (ESP) component
2025-11-07 11:28:53 [INFO/ROOT] Pes     specification file is /cluster/projects/nn9560k/herfugl/NorESM3/cime_config/config_pes.xml
2025-11-07 11:28:53 [INFO/ROOT] Compset specific settings: name is RUN_STARTDATE and value is 0001-01-01
2025-11-07 11:28:53 [INFO/ROOT] Machine is betzy
2025-11-07 11:28:53 [INFO/ROOT] Pes setting: grid match    is a%ne16np4.pg3.+l%ne16np4.pg3.+oi%tnx1v4 
2025-11-07 11:28:53 [INFO/ROOT] Pes setting: grid          is a%ne16np4.pg3_l%ne16np4.pg3_oi%tnx1v4_r%r05_w%null_z%null_g%gris4d_m%tnx1v4 
2025-11-07 11:28:53 [INFO/ROOT] Pes setting: compset       is 1850_CAM70%LT%NORESM%CAMoslo_CLM60%FATES-NOCOMP_CICE_BLOM%HYB%ECO_MOSART_DGLC%NOEVOLVE_SWAV_SESP 
2025-11-07 11:28:53 [INFO/ROOT] Pes setting: tasks       is {'NTASKS_ATM': -4, 'NTASKS_LND': -4, 'NTASKS_ROF': -4, 'NTASKS_ICE': -4, 'NTASKS_OCN': -2, 'NTASKS_GLC': -4, 'NTASKS_WAV': -4, 'NTASKS_CPL': -4} 
2025-11-07 11:28:53 [INFO/ROOT] Pes setting: threads     is {'NTHRDS_ATM': 1, 'NTHRDS_LND': 1, 'NTHRDS_ROF': 1, 'NTHRDS_ICE': 1, 'NTHRDS_OCN': 1, 'NTHRDS_GLC': 1, 'NTHRDS_WAV': 1, 'NTHRDS_CPL': 1} 
2025-11-07 11:28:53 [INFO/ROOT] Pes setting: rootpe      is {'ROOTPE_ATM': 0, 'ROOTPE_LND': 0, 'ROOTPE_ROF': 0, 'ROOTPE_ICE': 0, 'ROOTPE_OCN': -4, 'ROOTPE_GLC': 0, 'ROOTPE_WAV': 0, 'ROOTPE_CPL': 0} 
2025-11-07 11:28:53 [INFO/ROOT] Pes setting: pstrid      is {} 
2025-11-07 11:28:53 [INFO/ROOT] Pes other settings: {}
2025-11-07 11:28:53 [INFO/ROOT] Pes other settings append: {}
2025-11-07 11:28:53 [INFO/ROOT] Pes comments: none
2025-11-07 11:28:53 [INFO/ROOT] setting additional fields from config_pes: {}, append {}
2025-11-07 11:28:53 [INFO/ROOT]  Compset is: 1850_CAM70%LT%NORESM%CAMoslo_CLM60%FATES-NOCOMP_CICE_BLOM%HYB%ECO_MOSART_DGLC%NOEVOLVE_SWAV_SESP 
2025-11-07 11:28:53 [INFO/ROOT]  Grid is: a%ne16np4.pg3_l%ne16np4.pg3_oi%tnx1v4_r%r05_w%null_z%null_g%gris4d_m%tnx1v4 
2025-11-07 11:28:53 [INFO/ROOT]  Components in compset are: ['cam', 'clm', 'cice', 'blom', 'mosart', 'dglc', 'swav', 'sesp'] 
2025-11-07 11:28:53 [INFO/ROOT] No charge_account info available, using value from PROJECT
2025-11-07 11:28:55 [INFO/ROOT] cesm model version found: noresm3_0_beta04
2025-11-07 11:28:55 [INFO/ROOT] Batch_system_type is slurm
2025-11-07 11:28:56 [INFO/ROOT] job is case.run USER_REQUESTED_WALLTIME None USER_REQUESTED_QUEUE None WALLTIME_FORMAT %H:%M:%S
2025-11-07 11:28:56 [INFO/ROOT] job is case.st_archive USER_REQUESTED_WALLTIME None USER_REQUESTED_QUEUE None WALLTIME_FORMAT %H:%M:%S
2025-11-07 11:28:56 [INFO/ROOT] job is case.compress USER_REQUESTED_WALLTIME None USER_REQUESTED_QUEUE None WALLTIME_FORMAT %H:%M:%S
2025-11-07 11:28:56 [INFO/ROOT] job is case.cupid USER_REQUESTED_WALLTIME None USER_REQUESTED_QUEUE None WALLTIME_FORMAT %H:%M:%S
2025-11-07 11:28:56 [INFO/ROOT]  Creating Case directory /cluster/projects/nn9560k/herfugl/cases-coupled_ppe/base_case
2025-11-07 11:28:56 [INFO/ROOT] This component includes user_mods /cluster/projects/nn9560k/herfugl/NorESM3/components/clm//cime_config/usermods_dirs/clm/fates_nocomp
2025-11-07 11:28:56 [INFO/ROOT] Adding user mods directory /cluster/projects/nn9560k/herfugl/NorESM3/components/clm/cime_config/usermods_dirs/clm/fates_nocomp
2025-11-07 11:28:59 [INFO/ROOT] Setting resource.RLIMIT_STACK to -1 from (8388608, -1)
2025-11-07 11:29:00 [INFO/ROOT] job is case.run USER_REQUESTED_WALLTIME None USER_REQUESTED_QUEUE None WALLTIME_FORMAT %H:%M:%S
2025-11-07 11:29:00 [INFO/ROOT] Creating batch scripts
2025-11-07 11:29:00 [INFO/ROOT] Writing case.run script from input template /cluster/projects/nn9560k/herfugl/NorESM3/ccs_config/machines/template.case.run
2025-11-07 11:29:00 [INFO/ROOT] Creating file .case.run
2025-11-07 11:29:00 [INFO/ROOT] Writing case.st_archive script from input template /cluster/projects/nn9560k/herfugl/NorESM3/ccs_config/machines/template.st_archive
2025-11-07 11:29:00 [INFO/ROOT] Creating file case.st_archive
2025-11-07 11:29:00 [INFO/ROOT] Writing case.compress script from input template /cluster/projects/nn9560k/herfugl/NorESM3/ccs_config/machines/template.compress
2025-11-07 11:29:00 [INFO/ROOT] Creating file case.compress
2025-11-07 11:29:00 [INFO/ROOT] Writing case.cupid script from input template /cluster/projects/nn9560k/herfugl/NorESM3/ccs_config/machines/template.cupid
2025-11-07 11:29:00 [INFO/ROOT] Creating file case.cupid
2025-11-07 11:29:00 [INFO/ROOT] Creating user_nl_xxx files for components and cpl
2025-11-07 11:29:00 [INFO/ROOT] Running cam.case_setup.py
2025-11-07 11:29:01 [INFO/ROOT] If an old case build already exists, might want to run 'case.build --clean' before building
2025-11-07 11:29:02 [INFO/ROOT] You can now run './preview_run' to get more info on how your case will be run
2025-11-07 11:29:03 [WARNING/ROOT] No environment build settings provided, using default values.
2025-11-07 11:29:04 [INFO/ROOT] Building case in directory /cluster/projects/nn9560k/herfugl/cases-coupled_ppe/base_case
2025-11-07 11:29:04 [INFO/ROOT] sharedlib_only is False
2025-11-07 11:29:04 [INFO/ROOT] model_only is False
2025-11-07 11:29:04 [INFO/ROOT] Generating component namelists as part of build
2025-11-07 11:29:04 [INFO/ROOT] GET_REFCASE is false, the user is expected to stage the refcase to the run directory.
2025-11-07 11:29:04 [INFO/ROOT]   2025-11-07 11:29:04 atm 
2025-11-07 11:29:04 [INFO/ROOT] Create namelist for component cam
2025-11-07 11:29:04 [INFO/ROOT]    Calling /cluster/projects/nn9560k/herfugl/NorESM3/components/cam//cime_config/buildnml
2025-11-07 11:29:04 [INFO/ROOT]      ...calling cam buildcpp to set build time options
